/home/hu/hu_hu/hu_elnaab01/.conda/envs/bachelor_analysis/bin/python
Python 3.10.19
========================================
   PHASE 1: THE UNIVERSAL DATA FORGE    
========================================

[FORGE] Processing model_training_data_with_wsi.csv (with_wsi)...
   Train Rows: 7027 | Test Rows: 1757
   -> Engineering Experiment: with_wsi_solar
   -> Engineering Experiment: with_wsi_wind
   [OK] with_wsi completed.

[FORGE] Processing model_training_data_no_wsi.csv (no_wsi)...
   Train Rows: 7027 | Test Rows: 1757
   -> Engineering Experiment: no_wsi_solar
   -> Engineering Experiment: no_wsi_wind
   [OK] no_wsi completed.

[FORGE] Data preparation complete.
[FORGE] All files saved to: /pfs/data6/home/hu/hu_hu/hu_elnaab01/projects/my_project/Bachelor_project/RunOnCluster/processed_data

============================= JOB FEEDBACK =============================

NodeName=uc2n567
Job ID: 2310570
Cluster: uc3
User/Group: hu_elnaab01/hu_hu
State: COMPLETED (exit code 0)
Nodes: 1
Cores per node: 64
CPU Utilized: 00:00:03
CPU Efficiency: 0.31% of 00:16:00 core-walltime
Job Wall-clock time: 00:00:15
Memory Utilized: 10.21 MB
Memory Efficiency: 0.00% of 300.00 GB (300.00 GB/node)
